[2026-01-23 15:07:54] INFO: Starting Flye 2.9.6-b1802
[2026-01-23 15:07:54] DEBUG: Cmd: /apps/antwerpen/zen2/rocky9/Flye/2.9.6-GCC-14.2.0/bin/flye --asm-coverage 50 --nano-hq /user/antwerpen/205/vsc20587/scratch/trypanosoma_nanopore/data/fastq_update//barcode04.fastq.gz --out-dir /user/antwerpen/205/vsc20587/scratch/trypanosoma_nanopore/results/assembly_update2//barcode04 --threads 32 --read-error 0.05 --scaffold --debug --iterations 4 --genome-size 35m
[2026-01-23 15:07:54] DEBUG: Python version: 3.13.1 (main, Jun  3 2025, 18:04:48) [GCC 14.2.0]
[2026-01-23 15:07:54] INFO: >>>STAGE: configure
[2026-01-23 15:07:54] INFO: Configuring run
[2026-01-23 15:08:36] INFO: Total read length: 2272156965
[2026-01-23 15:08:36] INFO: Input genome size: 35000000
[2026-01-23 15:08:36] INFO: Estimated coverage: 64
[2026-01-23 15:08:36] INFO: Reads N50/N90: 24392 / 3204
[2026-01-23 15:08:36] INFO: Minimum overlap set to 3000
[2026-01-23 15:08:36] INFO: Using longest 50x reads for contig assembly
[2026-01-23 15:08:36] DEBUG: Min read length cutoff: 6025
[2026-01-23 15:08:36] INFO: >>>STAGE: assembly
[2026-01-23 15:08:36] INFO: Assembling disjointigs
[2026-01-23 15:08:36] DEBUG: -----Begin assembly log------
[2026-01-23 15:08:36] DEBUG: Running: flye-modules assemble --reads /user/antwerpen/205/vsc20587/scratch/trypanosoma_nanopore/data/fastq_update/barcode04.fastq.gz --out-asm /user/antwerpen/205/vsc20587/scratch/trypanosoma_nanopore/results/assembly_update2/barcode04/00-assembly/draft_assembly.fasta --config /apps/antwerpen/zen2/rocky9/Flye/2.9.6-GCC-14.2.0/lib/python3.13/site-packages/flye/config/bin_cfg/asm_nano_hq.cfg --log /user/antwerpen/205/vsc20587/scratch/trypanosoma_nanopore/results/assembly_update2/barcode04/flye.log --threads 32 --debug --genome-size 35000000 --min-ovlp 3000 --min-read 6025 --extra-params assemble_ovlp_divergence=0.05,repeat_graph_ovlp_divergence=0.05
[2026-01-23 15:08:36] DEBUG: Build date: Dec  4 2025 15:34:24
[2026-01-23 15:08:36] DEBUG: Total RAM: 251 Gb
[2026-01-23 15:08:36] DEBUG: Available RAM: 246 Gb
[2026-01-23 15:08:36] DEBUG: Total CPUs: 64
[2026-01-23 15:08:36] DEBUG: Loading /apps/antwerpen/zen2/rocky9/Flye/2.9.6-GCC-14.2.0/lib/python3.13/site-packages/flye/config/bin_cfg/asm_nano_hq.cfg
[2026-01-23 15:08:36] DEBUG: Loading /apps/antwerpen/zen2/rocky9/Flye/2.9.6-GCC-14.2.0/lib/python3.13/site-packages/flye/config/bin_cfg/asm_defaults.cfg
[2026-01-23 15:08:36] DEBUG: 	big_genome_threshold=29000000
[2026-01-23 15:08:36] DEBUG: 	meta_read_filter_kmer_freq=100
[2026-01-23 15:08:36] DEBUG: 	chain_large_gap_penalty=2
[2026-01-23 15:08:36] DEBUG: 	chain_small_gap_penalty=0.5
[2026-01-23 15:08:36] DEBUG: 	chain_gap_jump_threshold=100
[2026-01-23 15:08:36] DEBUG: 	max_jump_gap=500
[2026-01-23 15:08:36] DEBUG: 	max_coverage_drop_rate=5
[2026-01-23 15:08:36] DEBUG: 	max_extensions_drop_rate=5
[2026-01-23 15:08:36] DEBUG: 	chimera_window=100
[2026-01-23 15:08:36] DEBUG: 	chimera_overhang=1000
[2026-01-23 15:08:36] DEBUG: 	min_reads_in_disjointig=4
[2026-01-23 15:08:36] DEBUG: 	max_inner_reads=10
[2026-01-23 15:08:36] DEBUG: 	max_inner_fraction=0.25
[2026-01-23 15:08:36] DEBUG: 	aggressive_dup_filter=1
[2026-01-23 15:08:36] DEBUG: 	max_separation=500
[2026-01-23 15:08:36] DEBUG: 	unique_edge_length=50000
[2026-01-23 15:08:36] DEBUG: 	min_repeat_res_support=0.51
[2026-01-23 15:08:36] DEBUG: 	out_paths_ratio=5
[2026-01-23 15:08:36] DEBUG: 	graph_cov_drop_rate=5
[2026-01-23 15:08:36] DEBUG: 	coverage_estimate_window=100
[2026-01-23 15:08:36] DEBUG: 	max_bubble_length=50000
[2026-01-23 15:08:36] DEBUG: 	loop_coverage_rate=1.5
[2026-01-23 15:08:36] DEBUG: 	repeat_edge_cov_mult=1.75
[2026-01-23 15:08:36] DEBUG: 	weak_detach_rate=5
[2026-01-23 15:08:36] DEBUG: 	tip_coverage_rate=2
[2026-01-23 15:08:36] DEBUG: 	tip_length_rate=2
[2026-01-23 15:08:36] DEBUG: 	output_gfa_before_rr=1
[2026-01-23 15:08:36] DEBUG: 	remove_alt_edges=0
[2026-01-23 15:08:36] DEBUG: 	low_cutoff_warning=0
[2026-01-23 15:08:36] DEBUG: 	kmer_size=17
[2026-01-23 15:08:36] DEBUG: 	use_minimizers=1
[2026-01-23 15:08:36] DEBUG: 	minimizer_window=10
[2026-01-23 15:08:36] DEBUG: 	reads_base_alignment=1
[2026-01-23 15:08:36] DEBUG: 	meta_read_top_kmer_rate=0.75
[2026-01-23 15:08:36] DEBUG: 	maximum_jump=1500
[2026-01-23 15:08:36] DEBUG: 	maximum_overhang=1500
[2026-01-23 15:08:36] DEBUG: 	repeat_kmer_rate=100
[2026-01-23 15:08:36] DEBUG: 	assemble_ovlp_divergence=0.03
[2026-01-23 15:08:36] DEBUG: 	assemble_divergence_relative=1
[2026-01-23 15:08:36] DEBUG: 	repeat_graph_ovlp_divergence=0.03
[2026-01-23 15:08:36] DEBUG: 	read_align_ovlp_divergence=0.10
[2026-01-23 15:08:36] DEBUG: 	hpc_scoring_on=1
[2026-01-23 15:08:36] DEBUG: 	add_unassembled_reads=0
[2026-01-23 15:08:36] DEBUG: 	extend_contigs_with_repeats=0
[2026-01-23 15:08:36] DEBUG: 	min_read_cov_cutoff=3
[2026-01-23 15:08:36] DEBUG: 	short_tip_length=20000
[2026-01-23 15:08:36] DEBUG: 	long_tip_length=100000
[2026-01-23 15:08:36] DEBUG: Extrta parameters:
[2026-01-23 15:08:36] DEBUG: 	assemble_ovlp_divergence=0.05
[2026-01-23 15:08:36] DEBUG: 	repeat_graph_ovlp_divergence=0.05
[2026-01-23 15:08:36] DEBUG: Running with k-mer size: 17
[2026-01-23 15:08:36] DEBUG: Running with minimum overlap 3000
[2026-01-23 15:08:36] DEBUG: Metagenome mode: N
[2026-01-23 15:08:36] DEBUG: Short mode: N
[2026-01-23 15:08:36] INFO: Reading sequences
[2026-01-23 15:09:11] DEBUG: Building positional index
[2026-01-23 15:09:11] DEBUG: Total sequence: 1749992194 bp
[2026-01-23 15:09:11] INFO: Building minimizer index
[2026-01-23 15:09:11] INFO: Pre-calculating index storage
0% 10% 20% 30% 40% 50% 60% 70% 80% 90% 100% 
[2026-01-23 15:09:17] DEBUG: Mean k-mer frequency: 11.1507
[2026-01-23 15:09:17] DEBUG: Repetitive k-mer frequency: 1115
[2026-01-23 15:09:17] DEBUG: Filtered 33961850 repetitive k-mers (0.107012)
[2026-01-23 15:09:17] INFO: Filling index
0% 10% 20% 30% 40% 50% 60% 70% 80% 90% 100% 
[2026-01-23 15:09:23] DEBUG: Sorting k-mer index
[2026-01-23 15:09:26] DEBUG: Selected k-mers: 28452218
[2026-01-23 15:09:26] DEBUG: K-mer index size: 283404209
[2026-01-23 15:09:26] DEBUG: Mean k-mer frequency: 9.96071
[2026-01-23 15:09:26] DEBUG: Minimizer rate: 6.1749
[2026-01-23 15:09:26] DEBUG: Peak RAM usage: 2 Gb
[2026-01-23 15:09:26] DEBUG: Estimating k-mer identity bias
[2026-01-23T15:09:34.559] error: *** JOB 3026230 ON r6c01cn2.vaughan CANCELLED AT 2026-01-23T15:09:34 DUE to SIGNAL Terminated ***
